<?xml version="1.0" encoding="UTF-8"?>
<testng-results ignored="3" total="9" passed="5" failed="1" skipped="0">
  <reporter-output>
  </reporter-output>
  <suite started-at="2024-03-22T14:26:31 IST" name="Regression Test 56" finished-at="2024-03-22T14:26:31 IST" duration-ms="53">
    <groups>
      <group name="smoke">
        <method signature="day5.mobile()[pri:0, instance:Intro.day5@140c9f39]" name="mobile" class="Intro.day5"/>
      </group> <!-- smoke -->
    </groups>
    <test started-at="2024-03-22T14:26:31 IST" name="T006_WebLogin_Apply_Personal_Loan" finished-at="2024-03-22T14:26:31 IST" duration-ms="53">
      <class name="Intro.day5">
        <test-method signature="web(java.lang.String,java.lang.String)[pri:0, instance:Intro.day5@140c9f39]" started-at="2024-03-22T14:26:31 IST" name="web" finished-at="2024-03-22T14:26:31 IST" duration-ms="9" status="PASS">
          <params>
            <param index="0">
              <value>
                <![CDATA[kashyap]]>
              </value>
            </param>
            <param index="1">
              <value>
                <![CDATA[kash@2023]]>
              </value>
            </param>
          </params>
          <reporter-output>
          </reporter-output>
        </test-method> <!-- web -->
        <test-method signature="server()[pri:0, instance:Intro.day5@140c9f39]" started-at="2024-03-22T14:26:31 IST" name="server" finished-at="2024-03-22T14:26:31 IST" duration-ms="1" status="PASS">
          <reporter-output>
          </reporter-output>
        </test-method> <!-- server -->
        <test-method signature="mobile()[pri:0, instance:Intro.day5@140c9f39]" started-at="2024-03-22T14:26:31 IST" name="mobile" finished-at="2024-03-22T14:26:31 IST" duration-ms="3" status="FAIL">
          <exception class="java.lang.AssertionError">
            <message>
              <![CDATA[expected [true] but found [false]]]>
            </message>
            <full-stacktrace>
              <![CDATA[java.lang.AssertionError: expected [true] but found [false]
at org.testng.Assert.fail(Assert.java:99)
at org.testng.Assert.failNotEquals(Assert.java:1037)
at org.testng.Assert.assertTrue(Assert.java:45)
at org.testng.Assert.assertTrue(Assert.java:55)
at Intro.day5.mobile(day5.java:41)
at java.base/jdk.internal.reflect.NativeMethodAccessorImpl.invoke0(Native Method)
at java.base/jdk.internal.reflect.NativeMethodAccessorImpl.invoke(NativeMethodAccessorImpl.java:77)
at java.base/jdk.internal.reflect.DelegatingMethodAccessorImpl.invoke(DelegatingMethodAccessorImpl.java:43)
at java.base/java.lang.reflect.Method.invoke(Method.java:568)
at org.testng.internal.MethodInvocationHelper.invokeMethod(MethodInvocationHelper.java:133)
at org.testng.internal.TestInvoker.invokeMethod(TestInvoker.java:598)
at org.testng.internal.TestInvoker.invokeTestMethod(TestInvoker.java:173)
at org.testng.internal.MethodRunner.runInSequence(MethodRunner.java:46)
at org.testng.internal.TestInvoker$MethodInvocationAgent.invoke(TestInvoker.java:824)
at org.testng.internal.TestInvoker.invokeTestMethods(TestInvoker.java:146)
at org.testng.internal.TestMethodWorker.invokeTestMethods(TestMethodWorker.java:146)
at org.testng.internal.TestMethodWorker.run(TestMethodWorker.java:128)
at java.base/java.util.ArrayList.forEach(ArrayList.java:1511)
at org.testng.TestRunner.privateRun(TestRunner.java:794)
at org.testng.TestRunner.run(TestRunner.java:596)
at org.testng.SuiteRunner.runTest(SuiteRunner.java:377)
at org.testng.SuiteRunner.runSequentially(SuiteRunner.java:371)
at org.testng.SuiteRunner.privateRun(SuiteRunner.java:332)
at org.testng.SuiteRunner.run(SuiteRunner.java:276)
at org.testng.SuiteRunnerWorker.runSuite(SuiteRunnerWorker.java:53)
at org.testng.SuiteRunnerWorker.run(SuiteRunnerWorker.java:96)
at org.testng.TestNG.runSuitesSequentially(TestNG.java:1212)
at org.testng.TestNG.runSuitesLocally(TestNG.java:1134)
at org.testng.TestNG.runSuites(TestNG.java:1063)
at org.testng.TestNG.run(TestNG.java:1031)
at org.testng.remote.AbstractRemoteTestNG.run(AbstractRemoteTestNG.java:115)
at org.testng.remote.RemoteTestNG.initAndRun(RemoteTestNG.java:251)
at org.testng.remote.RemoteTestNG.main(RemoteTestNG.java:77)
]]>
            </full-stacktrace>
          </exception> <!-- java.lang.AssertionError -->
          <reporter-output>
          </reporter-output>
        </test-method> <!-- mobile -->
      </class> <!-- Intro.day5 -->
      <class name="Intro.day6">
        <test-method signature="carloan(java.lang.String,java.lang.String)[pri:0, instance:Intro.day6@67080771]" started-at="2024-03-22T14:26:31 IST" name="carloan" data-provider="getData" finished-at="2024-03-22T14:26:31 IST" duration-ms="2" status="PASS">
          <params>
            <param index="0">
              <value>
                <![CDATA[user1-good user]]>
              </value>
            </param>
            <param index="1">
              <value>
                <![CDATA[pass1]]>
              </value>
            </param>
          </params>
          <reporter-output>
          </reporter-output>
        </test-method> <!-- carloan -->
        <test-method signature="carloan(java.lang.String,java.lang.String)[pri:0, instance:Intro.day6@67080771]" started-at="2024-03-22T14:26:31 IST" name="carloan" data-provider="getData" finished-at="2024-03-22T14:26:31 IST" duration-ms="0" status="PASS">
          <params>
            <param index="0">
              <value>
                <![CDATA[user2-no history]]>
              </value>
            </param>
            <param index="1">
              <value>
                <![CDATA[pass2]]>
              </value>
            </param>
          </params>
          <reporter-output>
          </reporter-output>
        </test-method> <!-- carloan -->
        <test-method signature="carloan(java.lang.String,java.lang.String)[pri:0, instance:Intro.day6@67080771]" started-at="2024-03-22T14:26:31 IST" name="carloan" data-provider="getData" finished-at="2024-03-22T14:26:31 IST" duration-ms="1" status="PASS">
          <params>
            <param index="0">
              <value>
                <![CDATA[user3-fraud]]>
              </value>
            </param>
            <param index="1">
              <value>
                <![CDATA[pass3]]>
              </value>
            </param>
          </params>
          <reporter-output>
          </reporter-output>
        </test-method> <!-- carloan -->
      </class> <!-- Intro.day6 -->
    </test> <!-- T006_WebLogin_Apply_Personal_Loan -->
  </suite> <!-- Regression Test 56 -->
</testng-results>
