<?xml version="1.0" encoding="UTF-8"?>
<!-- Generated by org.testng.reporters.JUnitXMLReporter -->
<testsuite ignored="0" hostname="LAPTOP-OFUGT8EJ" failures="5" tests="23" name="T001_Run_full_Package" time="0.086" errors="0" timestamp="2024-03-22T14:18:59 IST">
  <testcase classname="Intro.day1" name="f1" time="0.006"/>
  <testcase classname="Intro.day1" name="f2" time="0.0"/>
  <testcase classname="Intro.day1" name="f3" time="0.001"/>
  <testcase classname="Intro.day2" name="f1" time="0.0"/>
  <testcase classname="Intro.day2" name="f2" time="0.001"/>
  <testcase classname="Intro.day3" name="api" time="0.0"/>
  <testcase classname="Intro.day3" name="backend" time="0.0">
    <failure type="org.testng.TestNGException" message="
Parameter &amp;apos;testid&amp;apos; is required by @Test on method backend but has not been marked @Optional or defined
in C:\Users\phane\Documents\04. Automation - new learning\Selenium\Projects\TestNGTutorials\testng2.xml">
      <![CDATA[org.testng.TestNGException: 
Parameter 'testid' is required by @Test on method backend but has not been marked @Optional or defined
in C:\Users\phane\Documents\04. Automation - new learning\Selenium\Projects\TestNGTutorials\testng2.xml
at java.base/java.util.ArrayList.forEach(ArrayList.java:1511)
... Removed 26 stack frames]]>
    </failure>
  </testcase> <!-- backend -->
  <testcase classname="Intro.day3" name="mobile" time="0.001"/>
  <testcase classname="Intro.day3" name="server" time="0.001"/>
  <testcase classname="Intro.day3" name="web" time="0.0">
    <failure type="org.testng.TestNGException" message="
Parameter &amp;apos;testid&amp;apos; is required by @Test on method web but has not been marked @Optional or defined
in C:\Users\phane\Documents\04. Automation - new learning\Selenium\Projects\TestNGTutorials\testng2.xml">
      <![CDATA[org.testng.TestNGException: 
Parameter 'testid' is required by @Test on method web but has not been marked @Optional or defined
in C:\Users\phane\Documents\04. Automation - new learning\Selenium\Projects\TestNGTutorials\testng2.xml
at java.base/java.util.ArrayList.forEach(ArrayList.java:1511)
... Removed 26 stack frames]]>
    </failure>
  </testcase> <!-- web -->
  <testcase classname="Intro.day4" name="carloan" time="0.002"/>
  <testcase classname="Intro.day4" name="carloan" time="0.001"/>
  <testcase classname="Intro.day4" name="carloan" time="0.0"/>
  <testcase classname="Intro.day4" name="personalloan" time="0.0"/>
  <testcase classname="Intro.day5" name="api" time="0.001"/>
  <testcase classname="Intro.day5" name="backend" time="0.0">
    <failure type="org.testng.TestNGException" message="
Parameter &amp;apos;testid&amp;apos; is required by @Test on method backend but has not been marked @Optional or defined
in C:\Users\phane\Documents\04. Automation - new learning\Selenium\Projects\TestNGTutorials\testng2.xml">
      <![CDATA[org.testng.TestNGException: 
Parameter 'testid' is required by @Test on method backend but has not been marked @Optional or defined
in C:\Users\phane\Documents\04. Automation - new learning\Selenium\Projects\TestNGTutorials\testng2.xml
at java.base/java.util.ArrayList.forEach(ArrayList.java:1511)
... Removed 26 stack frames]]>
    </failure>
  </testcase> <!-- backend -->
  <testcase classname="Intro.day5" name="mobile" time="0.007">
    <failure type="java.lang.AssertionError" message="expected [true] but found [false]">
      <![CDATA[java.lang.AssertionError: expected [true] but found [false]
at Intro.day5.mobile(day5.java:41)
at java.base/java.util.ArrayList.forEach(ArrayList.java:1511)
... Removed 31 stack frames]]>
    </failure>
  </testcase> <!-- mobile -->
  <testcase classname="Intro.day5" name="server" time="0.0"/>
  <testcase classname="Intro.day5" name="web" time="0.0">
    <failure type="org.testng.TestNGException" message="
Parameter &amp;apos;testid&amp;apos; is required by @Test on method web but has not been marked @Optional or defined
in C:\Users\phane\Documents\04. Automation - new learning\Selenium\Projects\TestNGTutorials\testng2.xml">
      <![CDATA[org.testng.TestNGException: 
Parameter 'testid' is required by @Test on method web but has not been marked @Optional or defined
in C:\Users\phane\Documents\04. Automation - new learning\Selenium\Projects\TestNGTutorials\testng2.xml
at java.base/java.util.ArrayList.forEach(ArrayList.java:1511)
... Removed 26 stack frames]]>
    </failure>
  </testcase> <!-- web -->
  <testcase classname="Intro.day6" name="carloan" time="0.001"/>
  <testcase classname="Intro.day6" name="carloan" time="0.001"/>
  <testcase classname="Intro.day6" name="carloan" time="0.001"/>
  <testcase classname="Intro.day6" name="personalloan" time="0.001"/>
</testsuite> <!-- T001_Run_full_Package -->
