<?xml version="1.0" encoding="UTF-8"?>
<!-- Generated by org.testng.reporters.JUnitXMLReporter -->
<testsuite ignored="3" hostname="LAPTOP-OFUGT8EJ" failures="2" tests="4" name="T003_WebLogin_Apply_Personal_Loan" time="0.011" errors="0" timestamp="2023-05-23T20:19:26 IST">
  <testcase classname="Intro.day3" name="backend" time="0.0">
    <failure type="org.testng.TestNGException" message="
Parameter &amp;apos;testid&amp;apos; is required by @Test on method backend but has not been marked @Optional or defined
in C:\Users\phane\Documents\04. Automation - new learning\Selenium\Projects\TestNGTutorials\testng.xml">
      <![CDATA[org.testng.TestNGException: 
Parameter 'testid' is required by @Test on method backend but has not been marked @Optional or defined
in C:\Users\phane\Documents\04. Automation - new learning\Selenium\Projects\TestNGTutorials\testng.xml
at java.base/java.util.ArrayList.forEach(ArrayList.java:1511)
... Removed 26 stack frames]]>
    </failure>
  </testcase> <!-- backend -->
  <testcase classname="Intro.day3" name="server" time="0.0"/>
  <testcase classname="Intro.day3" name="web" time="0.0">
    <failure type="org.testng.TestNGException" message="
Parameter &amp;apos;testid&amp;apos; is required by @Test on method web but has not been marked @Optional or defined
in C:\Users\phane\Documents\04. Automation - new learning\Selenium\Projects\TestNGTutorials\testng.xml">
      <![CDATA[org.testng.TestNGException: 
Parameter 'testid' is required by @Test on method web but has not been marked @Optional or defined
in C:\Users\phane\Documents\04. Automation - new learning\Selenium\Projects\TestNGTutorials\testng.xml
at java.base/java.util.ArrayList.forEach(ArrayList.java:1511)
... Removed 26 stack frames]]>
    </failure>
  </testcase> <!-- web -->
  <testcase classname="Intro.day4" name="personalloan" time="0.001"/>
  <testcase classname="Intro.day3" name="mobile" time="0.0">
    <ignored/>
  </testcase> <!-- mobile -->
  <testcase classname="Intro.day3" name="api" time="0.0">
    <ignored/>
  </testcase> <!-- api -->
  <testcase classname="Intro.day4" name="carloan" time="0.0">
    <ignored/>
  </testcase> <!-- carloan -->
</testsuite> <!-- T003_WebLogin_Apply_Personal_Loan -->
