<?xml version="1.0" encoding="UTF-8"?>
<!-- Generated by org.testng.reporters.JUnitXMLReporter -->
<testsuite ignored="0" hostname="LAPTOP-OFUGT8EJ" failures="0" tests="3" name="T001_Shopping_Order_Creation" time="15.174" errors="0" timestamp="2023-05-31T19:51:41 IST">
  <testcase classname="phaneeshkashyap.TestComponents.BaseClass" name="@BeforeMethod LaunchApp" time="2.056">
    <failure type="java.lang.IllegalStateException" message="The driver executable must exist: C:\Users\phane\Documents\04. Automation - new learning\Selenium\Drivers\Fireforx\geckodriver">
      <![CDATA[java.lang.IllegalStateException: The driver executable must exist: C:\Users\phane\Documents\04. Automation - new learning\Selenium\Drivers\Fireforx\geckodriver
at org.openqa.selenium.internal.Require$FileStateChecker.isFile(Require.java:345)
at org.openqa.selenium.remote.service.DriverFinder.getPath(DriverFinder.java:39)
at org.openqa.selenium.firefox.FirefoxDriver.generateExecutor(FirefoxDriver.java:139)
at org.openqa.selenium.firefox.FirefoxDriver.<init>(FirefoxDriver.java:131)
at org.openqa.selenium.firefox.FirefoxDriver.<init>(FirefoxDriver.java:127)
at org.openqa.selenium.firefox.FirefoxDriver.<init>(FirefoxDriver.java:112)
at org.openqa.selenium.firefox.FirefoxDriver.<init>(FirefoxDriver.java:102)
at phaneeshkashyap.TestComponents.BaseClass.initDriver(BaseClass.java:84)
at phaneeshkashyap.TestComponents.BaseClass.LaunchApp(BaseClass.java:156)
at java.base/java.util.ArrayList.forEach(ArrayList.java:1511)
... Removed 31 stack frames]]>
    </failure>
  </testcase> <!-- @BeforeMethod LaunchApp -->
  <testcase classname="phaneeshkashyap.TestComponents.BaseClass" name="@AfterMethod teadDown" time="3.012">
    <failure type="java.lang.NullPointerException" message="Cannot invoke &amp;quot;org.openqa.selenium.WebDriver.quit()&amp;quot; because &amp;quot;this.driver&amp;quot; is null">
      <![CDATA[java.lang.NullPointerException: Cannot invoke "org.openqa.selenium.WebDriver.quit()" because "this.driver" is null
at phaneeshkashyap.TestComponents.BaseClass.teadDown(BaseClass.java:171)
at java.base/java.util.ArrayList.forEach(ArrayList.java:1511)
... Removed 32 stack frames]]>
    </failure>
  </testcase> <!-- @AfterMethod teadDown -->
  <testcase classname="phaneeshkashyap.TestComponents.BaseClass" name="@BeforeMethod LaunchApp" time="2.011">
    <failure type="java.lang.IllegalStateException" message="The driver executable must exist: C:\Users\phane\Documents\04. Automation - new learning\Selenium\Drivers\Fireforx\geckodriver">
      <![CDATA[java.lang.IllegalStateException: The driver executable must exist: C:\Users\phane\Documents\04. Automation - new learning\Selenium\Drivers\Fireforx\geckodriver
at org.openqa.selenium.internal.Require$FileStateChecker.isFile(Require.java:345)
at org.openqa.selenium.remote.service.DriverFinder.getPath(DriverFinder.java:39)
at org.openqa.selenium.firefox.FirefoxDriver.generateExecutor(FirefoxDriver.java:139)
at org.openqa.selenium.firefox.FirefoxDriver.<init>(FirefoxDriver.java:131)
at org.openqa.selenium.firefox.FirefoxDriver.<init>(FirefoxDriver.java:127)
at org.openqa.selenium.firefox.FirefoxDriver.<init>(FirefoxDriver.java:112)
at org.openqa.selenium.firefox.FirefoxDriver.<init>(FirefoxDriver.java:102)
at phaneeshkashyap.TestComponents.BaseClass.initDriver(BaseClass.java:84)
at phaneeshkashyap.TestComponents.BaseClass.LaunchApp(BaseClass.java:156)
at java.base/java.util.ArrayList.forEach(ArrayList.java:1511)
... Removed 31 stack frames]]>
    </failure>
  </testcase> <!-- @BeforeMethod LaunchApp -->
  <testcase classname="phaneeshkashyap.TestComponents.BaseClass" name="@AfterMethod teadDown" time="3.003">
    <failure type="java.lang.NullPointerException" message="Cannot invoke &amp;quot;org.openqa.selenium.WebDriver.quit()&amp;quot; because &amp;quot;this.driver&amp;quot; is null">
      <![CDATA[java.lang.NullPointerException: Cannot invoke "org.openqa.selenium.WebDriver.quit()" because "this.driver" is null
at phaneeshkashyap.TestComponents.BaseClass.teadDown(BaseClass.java:171)
at java.base/java.util.ArrayList.forEach(ArrayList.java:1511)
... Removed 32 stack frames]]>
    </failure>
  </testcase> <!-- @AfterMethod teadDown -->
  <testcase classname="phaneeshkashyap.TestComponents.BaseClass" name="@BeforeMethod LaunchApp" time="2.007">
    <failure type="java.lang.IllegalStateException" message="The driver executable must exist: C:\Users\phane\Documents\04. Automation - new learning\Selenium\Drivers\Fireforx\geckodriver">
      <![CDATA[java.lang.IllegalStateException: The driver executable must exist: C:\Users\phane\Documents\04. Automation - new learning\Selenium\Drivers\Fireforx\geckodriver
at org.openqa.selenium.internal.Require$FileStateChecker.isFile(Require.java:345)
at org.openqa.selenium.remote.service.DriverFinder.getPath(DriverFinder.java:39)
at org.openqa.selenium.firefox.FirefoxDriver.generateExecutor(FirefoxDriver.java:139)
at org.openqa.selenium.firefox.FirefoxDriver.<init>(FirefoxDriver.java:131)
at org.openqa.selenium.firefox.FirefoxDriver.<init>(FirefoxDriver.java:127)
at org.openqa.selenium.firefox.FirefoxDriver.<init>(FirefoxDriver.java:112)
at org.openqa.selenium.firefox.FirefoxDriver.<init>(FirefoxDriver.java:102)
at phaneeshkashyap.TestComponents.BaseClass.initDriver(BaseClass.java:84)
at phaneeshkashyap.TestComponents.BaseClass.LaunchApp(BaseClass.java:156)
at java.base/java.util.ArrayList.forEach(ArrayList.java:1511)
... Removed 31 stack frames]]>
    </failure>
  </testcase> <!-- @BeforeMethod LaunchApp -->
  <testcase classname="phaneeshkashyap.TestComponents.BaseClass" name="@AfterMethod teadDown" time="3.015">
    <failure type="java.lang.NullPointerException" message="Cannot invoke &amp;quot;org.openqa.selenium.WebDriver.quit()&amp;quot; because &amp;quot;this.driver&amp;quot; is null">
      <![CDATA[java.lang.NullPointerException: Cannot invoke "org.openqa.selenium.WebDriver.quit()" because "this.driver" is null
at phaneeshkashyap.TestComponents.BaseClass.teadDown(BaseClass.java:171)
at java.base/java.util.ArrayList.forEach(ArrayList.java:1511)
... Removed 32 stack frames]]>
    </failure>
  </testcase> <!-- @AfterMethod teadDown -->
  <testcase classname="phaneeshkashyap.Tests.T001_E2E_e_Shopping_CreateOrder_And_Validate" name="createOrder" time="0.0">
    <skipped/>
  </testcase> <!-- createOrder -->
  <testcase classname="phaneeshkashyap.Tests.T001_E2E_e_Shopping_CreateOrder_And_Validate" name="createOrder" time="0.0">
    <skipped/>
  </testcase> <!-- createOrder -->
  <testcase classname="phaneeshkashyap.Tests.T001_E2E_e_Shopping_CreateOrder_And_Validate" name="verifyOrder" time="0.0">
    <skipped/>
  </testcase> <!-- verifyOrder -->
</testsuite> <!-- T001_Shopping_Order_Creation -->
